0 info it worked if it ends with ok
1 verbose cli [ '/usr/local/bin/node', '/usr/local/bin/npm', 'start' ]
2 info using npm@3.3.6
3 info using node@v5.0.0
4 verbose run-script [ 'prestart', 'start', 'poststart' ]
5 info lifecycle ece-nodejs-tp@1.0.0~prestart: ece-nodejs-tp@1.0.0
6 silly lifecycle ece-nodejs-tp@1.0.0~prestart: no script for prestart, continuing
7 info lifecycle ece-nodejs-tp@1.0.0~start: ece-nodejs-tp@1.0.0
8 verbose lifecycle ece-nodejs-tp@1.0.0~start: unsafe-perm in lifecycle true
9 verbose lifecycle ece-nodejs-tp@1.0.0~start: PATH: /usr/local/lib/node_modules/npm/bin/node-gyp-bin:/Users/domtilleroger/Documents/Cours/node/ece-nodejs-tp/node_modules/.bin:/usr/local/bin:/usr/bin:/bin:/usr/sbin:/sbin
10 verbose lifecycle ece-nodejs-tp@1.0.0~start: CWD: /Users/domtilleroger/Documents/Cours/node/ece-nodejs-tp
11 silly lifecycle ece-nodejs-tp@1.0.0~start: Args: [ '-c',
11 silly lifecycle   '(coffee --compile --output dist --watch lib &);node ./src/app.js' ]
12 silly lifecycle ece-nodejs-tp@1.0.0~start: Returned: code: 1  signal: null
13 info lifecycle ece-nodejs-tp@1.0.0~start: Failed to exec start script
14 verbose stack Error: ece-nodejs-tp@1.0.0 start: `(coffee --compile --output dist --watch lib &);node ./src/app.js`
14 verbose stack Exit status 1
14 verbose stack     at EventEmitter.<anonymous> (/usr/local/lib/node_modules/npm/lib/utils/lifecycle.js:233:16)
14 verbose stack     at emitTwo (events.js:87:13)
14 verbose stack     at EventEmitter.emit (events.js:172:7)
14 verbose stack     at ChildProcess.<anonymous> (/usr/local/lib/node_modules/npm/lib/utils/spawn.js:24:14)
14 verbose stack     at emitTwo (events.js:87:13)
14 verbose stack     at ChildProcess.emit (events.js:172:7)
14 verbose stack     at maybeClose (internal/child_process.js:818:16)
14 verbose stack     at Process.ChildProcess._handle.onexit (internal/child_process.js:211:5)
15 verbose pkgid ece-nodejs-tp@1.0.0
16 verbose cwd /Users/domtilleroger/Documents/Cours/node/ece-nodejs-tp
17 error Darwin 14.4.0
18 error argv "/usr/local/bin/node" "/usr/local/bin/npm" "start"
19 error node v5.0.0
20 error npm  v3.3.6
21 error code ELIFECYCLE
22 error ece-nodejs-tp@1.0.0 start: `(coffee --compile --output dist --watch lib &);node ./src/app.js`
22 error Exit status 1
23 error Failed at the ece-nodejs-tp@1.0.0 start script '(coffee --compile --output dist --watch lib &);node ./src/app.js'.
23 error This is most likely a problem with the ece-nodejs-tp package,
23 error not with npm itself.
23 error Tell the author that this fails on your system:
23 error     (coffee --compile --output dist --watch lib &);node ./src/app.js
23 error You can get their info via:
23 error     npm owner ls ece-nodejs-tp
23 error There is likely additional logging output above.
24 verbose exit [ 1, true ]
